Determining if the pthread_create exist failed with the following output:
Change Dir: /home/wang/code/c++Code/my_sgm_zed/libSGM/build/CMakeFiles/CMakeTmp

Run Build Command:"/usr/bin/make" "cmTC_02827/fast"
/usr/bin/make -f CMakeFiles/cmTC_02827.dir/build.make CMakeFiles/cmTC_02827.dir/build
make[1]: 进入目录“/home/wang/code/c++Code/my_sgm_zed/libSGM/build/CMakeFiles/CMakeTmp”
Building C object CMakeFiles/cmTC_02827.dir/CheckSymbolExists.c.o
/usr/bin/gcc-7   -fPIC    -o CMakeFiles/cmTC_02827.dir/CheckSymbolExists.c.o   -c /home/wang/code/c++Code/my_sgm_zed/libSGM/build/CMakeFiles/CMakeTmp/CheckSymbolExists.c
Linking C executable cmTC_02827
/usr/bin/cmake -E cmake_link_script CMakeFiles/cmTC_02827.dir/link.txt --verbose=1
/usr/bin/gcc-7 -fPIC     -rdynamic CMakeFiles/cmTC_02827.dir/CheckSymbolExists.c.o  -o cmTC_02827 
CMakeFiles/cmTC_02827.dir/CheckSymbolExists.c.o：在函数‘main’中：
CheckSymbolExists.c:(.text+0x1b)：对‘pthread_create’未定义的引用
collect2: error: ld returned 1 exit status
CMakeFiles/cmTC_02827.dir/build.make:97: recipe for target 'cmTC_02827' failed
make[1]: *** [cmTC_02827] Error 1
make[1]: 离开目录“/home/wang/code/c++Code/my_sgm_zed/libSGM/build/CMakeFiles/CMakeTmp”
Makefile:126: recipe for target 'cmTC_02827/fast' failed
make: *** [cmTC_02827/fast] Error 2

File /home/wang/code/c++Code/my_sgm_zed/libSGM/build/CMakeFiles/CMakeTmp/CheckSymbolExists.c:
/* */
#include <pthread.h>

int main(int argc, char** argv)
{
  (void)argv;
#ifndef pthread_create
  return ((int*)(&pthread_create))[argc];
#else
  (void)argc;
  return 0;
#endif
}

Determining if the function pthread_create exists in the pthreads failed with the following output:
Change Dir: /home/wang/code/c++Code/my_sgm_zed/libSGM/build/CMakeFiles/CMakeTmp

Run Build Command:"/usr/bin/make" "cmTC_4491d/fast"
/usr/bin/make -f CMakeFiles/cmTC_4491d.dir/build.make CMakeFiles/cmTC_4491d.dir/build
make[1]: 进入目录“/home/wang/code/c++Code/my_sgm_zed/libSGM/build/CMakeFiles/CMakeTmp”
Building C object CMakeFiles/cmTC_4491d.dir/CheckFunctionExists.c.o
/usr/bin/gcc-7   -fPIC -DCHECK_FUNCTION_EXISTS=pthread_create   -o CMakeFiles/cmTC_4491d.dir/CheckFunctionExists.c.o   -c /usr/share/cmake-3.10/Modules/CheckFunctionExists.c
Linking C executable cmTC_4491d
/usr/bin/cmake -E cmake_link_script CMakeFiles/cmTC_4491d.dir/link.txt --verbose=1
/usr/bin/gcc-7 -fPIC -DCHECK_FUNCTION_EXISTS=pthread_create    -rdynamic CMakeFiles/cmTC_4491d.dir/CheckFunctionExists.c.o  -o cmTC_4491d -lpthreads 
/usr/bin/ld: 找不到 -lpthreads
collect2: error: ld returned 1 exit status
CMakeFiles/cmTC_4491d.dir/build.make:97: recipe for target 'cmTC_4491d' failed
make[1]: *** [cmTC_4491d] Error 1
make[1]: 离开目录“/home/wang/code/c++Code/my_sgm_zed/libSGM/build/CMakeFiles/CMakeTmp”
Makefile:126: recipe for target 'cmTC_4491d/fast' failed
make: *** [cmTC_4491d/fast] Error 2


